<?xml version="1.0" encoding="UTF-8"?>
<!-- Generated by org.testng.reporters.JUnitReportReporter -->
<testsuite skipped="0" hostname="Almazbeks-MacBook-Pro.local" name="com.cybertek.TikiWiki.runners.SmokeTestRunner" tests="1" failures="0" timestamp="16 Apr 2018 23:03:40 GMT" time="4.479" errors="0">
  <testcase name="runScenario" time="4.479" classname="com.cybertek.TikiWiki.runners.SmokeTestRunner"/>
</testsuite> <!-- com.cybertek.TikiWiki.runners.SmokeTestRunner -->
