<?xml version="1.0" encoding="UTF-8"?>
<!-- Generated by org.testng.reporters.JUnitReportReporter -->
<testsuite skipped="0" hostname="Almazbeks-MacBook-Pro.local" name="com.cybertek.TikiWiki.runners.SmokeTestRunner" tests="8" failures="0" timestamp="24 Apr 2018 04:19:20 GMT" time="485.221" errors="0">
  <testcase name="runScenario" time="165.952" classname="com.cybertek.TikiWiki.runners.SmokeTestRunner"/>
  <testcase name="runScenario" time="38.725" classname="com.cybertek.TikiWiki.runners.SmokeTestRunner"/>
  <testcase name="runScenario" time="39.796" classname="com.cybertek.TikiWiki.runners.SmokeTestRunner"/>
  <testcase name="runScenario" time="56.670" classname="com.cybertek.TikiWiki.runners.SmokeTestRunner"/>
  <testcase name="runScenario" time="39.071" classname="com.cybertek.TikiWiki.runners.SmokeTestRunner"/>
  <testcase name="runScenario" time="63.580" classname="com.cybertek.TikiWiki.runners.SmokeTestRunner"/>
  <testcase name="runScenario" time="40.987" classname="com.cybertek.TikiWiki.runners.SmokeTestRunner"/>
  <testcase name="runScenario" time="40.440" classname="com.cybertek.TikiWiki.runners.SmokeTestRunner"/>
</testsuite> <!-- com.cybertek.TikiWiki.runners.SmokeTestRunner -->
